Performing C++ SOURCE FILE Test COMPILER_SUPPORT_Wshorten64to32 failed with the following output:
Change Dir: /home/samar/learning/qmcode/cpp/eigen_build/CMakeFiles/CMakeTmp

Run Build Command:"/usr/bin/make" "cmTC_7c211/fast"
/usr/bin/make -f CMakeFiles/cmTC_7c211.dir/build.make CMakeFiles/cmTC_7c211.dir/build
make[1]: Entering directory `/home/samar/learning/qmcode/cpp/eigen_build/CMakeFiles/CMakeTmp'
Building CXX object CMakeFiles/cmTC_7c211.dir/src.cxx.o
/usr/bin/c++     -pedantic -Wall -Wextra -Wundef -Wcast-align -Wchar-subscripts -Wnon-virtual-dtor -Wunused-local-typedefs -Wpointer-arith -Wwrite-strings -Wformat-security -DCOMPILER_SUPPORT_Wshorten64to32 -Werror   -Wshorten-64-to-32 -o CMakeFiles/cmTC_7c211.dir/src.cxx.o -c /home/samar/learning/qmcode/cpp/eigen_build/CMakeFiles/CMakeTmp/src.cxx
c++: error: unrecognized command line option '-Wshorten-64-to-32'
make[1]: *** [CMakeFiles/cmTC_7c211.dir/src.cxx.o] Error 1
make[1]: Leaving directory `/home/samar/learning/qmcode/cpp/eigen_build/CMakeFiles/CMakeTmp'
make: *** [cmTC_7c211/fast] Error 2

Source file was:
int main() { return 0; }
Performing C++ SOURCE FILE Test COMPILER_SUPPORT_Wenumconversion failed with the following output:
Change Dir: /home/samar/learning/qmcode/cpp/eigen_build/CMakeFiles/CMakeTmp

Run Build Command:"/usr/bin/make" "cmTC_42a64/fast"
/usr/bin/make -f CMakeFiles/cmTC_42a64.dir/build.make CMakeFiles/cmTC_42a64.dir/build
make[1]: Entering directory `/home/samar/learning/qmcode/cpp/eigen_build/CMakeFiles/CMakeTmp'
Building CXX object CMakeFiles/cmTC_42a64.dir/src.cxx.o
/usr/bin/c++     -pedantic -Wall -Wextra -Wundef -Wcast-align -Wchar-subscripts -Wnon-virtual-dtor -Wunused-local-typedefs -Wpointer-arith -Wwrite-strings -Wformat-security -Wlogical-op -DCOMPILER_SUPPORT_Wenumconversion -Werror   -Wenum-conversion -o CMakeFiles/cmTC_42a64.dir/src.cxx.o -c /home/samar/learning/qmcode/cpp/eigen_build/CMakeFiles/CMakeTmp/src.cxx
c++: error: unrecognized command line option '-Wenum-conversion'; did you mean '-Wno-conversion'?
make[1]: *** [CMakeFiles/cmTC_42a64.dir/src.cxx.o] Error 1
make[1]: Leaving directory `/home/samar/learning/qmcode/cpp/eigen_build/CMakeFiles/CMakeTmp'
make: *** [cmTC_42a64/fast] Error 2

Source file was:
int main() { return 0; }
Performing C++ SOURCE FILE Test COMPILER_SUPPORT_Wcpp11extensions failed with the following output:
Change Dir: /home/samar/learning/qmcode/cpp/eigen_build/CMakeFiles/CMakeTmp

Run Build Command:"/usr/bin/make" "cmTC_431b4/fast"
/usr/bin/make -f CMakeFiles/cmTC_431b4.dir/build.make CMakeFiles/cmTC_431b4.dir/build
make[1]: Entering directory `/home/samar/learning/qmcode/cpp/eigen_build/CMakeFiles/CMakeTmp'
Building CXX object CMakeFiles/cmTC_431b4.dir/src.cxx.o
/usr/bin/c++     -pedantic -Wall -Wextra -Wundef -Wcast-align -Wchar-subscripts -Wnon-virtual-dtor -Wunused-local-typedefs -Wpointer-arith -Wwrite-strings -Wformat-security -Wlogical-op -DCOMPILER_SUPPORT_Wcpp11extensions -Werror   -Wc++11-extensions -o CMakeFiles/cmTC_431b4.dir/src.cxx.o -c /home/samar/learning/qmcode/cpp/eigen_build/CMakeFiles/CMakeTmp/src.cxx
c++: error: unrecognized command line option '-Wc++11-extensions'; did you mean '-fms-extensions'?
make[1]: *** [CMakeFiles/cmTC_431b4.dir/src.cxx.o] Error 1
make[1]: Leaving directory `/home/samar/learning/qmcode/cpp/eigen_build/CMakeFiles/CMakeTmp'
make: *** [cmTC_431b4/fast] Error 2

Source file was:
int main() { return 0; }
Performing C++ SOURCE FILE Test COMPILER_SUPPORT_wd981 failed with the following output:
Change Dir: /home/samar/learning/qmcode/cpp/eigen_build/CMakeFiles/CMakeTmp

Run Build Command:"/usr/bin/make" "cmTC_e8851/fast"
/usr/bin/make -f CMakeFiles/cmTC_e8851.dir/build.make CMakeFiles/cmTC_e8851.dir/build
make[1]: Entering directory `/home/samar/learning/qmcode/cpp/eigen_build/CMakeFiles/CMakeTmp'
Building CXX object CMakeFiles/cmTC_e8851.dir/src.cxx.o
/usr/bin/c++     -pedantic -Wall -Wextra -Wundef -Wcast-align -Wchar-subscripts -Wnon-virtual-dtor -Wunused-local-typedefs -Wpointer-arith -Wwrite-strings -Wformat-security -Wlogical-op -Wdouble-promotion -Wshadow -Wno-psabi -Wno-variadic-macros -Wno-long-long -fno-check-new -fno-common -fstrict-aliasing -DCOMPILER_SUPPORT_wd981 -Werror   -wd981 -o CMakeFiles/cmTC_e8851.dir/src.cxx.o -c /home/samar/learning/qmcode/cpp/eigen_build/CMakeFiles/CMakeTmp/src.cxx
c++: error: unrecognized command line option '-wd981'
make[1]: *** [CMakeFiles/cmTC_e8851.dir/src.cxx.o] Error 1
make[1]: Leaving directory `/home/samar/learning/qmcode/cpp/eigen_build/CMakeFiles/CMakeTmp'
make: *** [cmTC_e8851/fast] Error 2

Source file was:
int main() { return 0; }
Performing C++ SOURCE FILE Test COMPILER_SUPPORT_wd2304 failed with the following output:
Change Dir: /home/samar/learning/qmcode/cpp/eigen_build/CMakeFiles/CMakeTmp

Run Build Command:"/usr/bin/make" "cmTC_29159/fast"
/usr/bin/make -f CMakeFiles/cmTC_29159.dir/build.make CMakeFiles/cmTC_29159.dir/build
make[1]: Entering directory `/home/samar/learning/qmcode/cpp/eigen_build/CMakeFiles/CMakeTmp'
Building CXX object CMakeFiles/cmTC_29159.dir/src.cxx.o
/usr/bin/c++     -pedantic -Wall -Wextra -Wundef -Wcast-align -Wchar-subscripts -Wnon-virtual-dtor -Wunused-local-typedefs -Wpointer-arith -Wwrite-strings -Wformat-security -Wlogical-op -Wdouble-promotion -Wshadow -Wno-psabi -Wno-variadic-macros -Wno-long-long -fno-check-new -fno-common -fstrict-aliasing -DCOMPILER_SUPPORT_wd2304 -Werror   -wd2304 -o CMakeFiles/cmTC_29159.dir/src.cxx.o -c /home/samar/learning/qmcode/cpp/eigen_build/CMakeFiles/CMakeTmp/src.cxx
c++: error: unrecognized command line option '-wd2304'
make[1]: *** [CMakeFiles/cmTC_29159.dir/src.cxx.o] Error 1
make[1]: Leaving directory `/home/samar/learning/qmcode/cpp/eigen_build/CMakeFiles/CMakeTmp'
make: *** [cmTC_29159/fast] Error 2

Source file was:
int main() { return 0; }
Performing C++ SOURCE FILE Test COMPILER_SUPPORT_STRICTANSI failed with the following output:
Change Dir: /home/samar/learning/qmcode/cpp/eigen_build/CMakeFiles/CMakeTmp

Run Build Command:"/usr/bin/make" "cmTC_ebeb0/fast"
/usr/bin/make -f CMakeFiles/cmTC_ebeb0.dir/build.make CMakeFiles/cmTC_ebeb0.dir/build
make[1]: Entering directory `/home/samar/learning/qmcode/cpp/eigen_build/CMakeFiles/CMakeTmp'
Building CXX object CMakeFiles/cmTC_ebeb0.dir/src.cxx.o
/usr/bin/c++     -pedantic -Wall -Wextra -Wundef -Wcast-align -Wchar-subscripts -Wnon-virtual-dtor -Wunused-local-typedefs -Wpointer-arith -Wwrite-strings -Wformat-security -Wlogical-op -Wdouble-promotion -Wshadow -Wno-psabi -Wno-variadic-macros -Wno-long-long -fno-check-new -fno-common -fstrict-aliasing -DCOMPILER_SUPPORT_STRICTANSI -Werror   -strict-ansi -o CMakeFiles/cmTC_ebeb0.dir/src.cxx.o -c /home/samar/learning/qmcode/cpp/eigen_build/CMakeFiles/CMakeTmp/src.cxx
c++: error: unrecognized command line option '-strict-ansi'; did you mean '-fstrict-enums'?
make[1]: *** [CMakeFiles/cmTC_ebeb0.dir/src.cxx.o] Error 1
make[1]: Leaving directory `/home/samar/learning/qmcode/cpp/eigen_build/CMakeFiles/CMakeTmp'
make: *** [cmTC_ebeb0/fast] Error 2

Source file was:
int main() { return 0; }
Performing C++ SOURCE FILE Test COMPILER_SUPPORT_Qunusedarguments failed with the following output:
Change Dir: /home/samar/learning/qmcode/cpp/eigen_build/CMakeFiles/CMakeTmp

Run Build Command:"/usr/bin/make" "cmTC_14531/fast"
/usr/bin/make -f CMakeFiles/cmTC_14531.dir/build.make CMakeFiles/cmTC_14531.dir/build
make[1]: Entering directory `/home/samar/learning/qmcode/cpp/eigen_build/CMakeFiles/CMakeTmp'
Building CXX object CMakeFiles/cmTC_14531.dir/src.cxx.o
/usr/bin/c++     -pedantic -Wall -Wextra -Wundef -Wcast-align -Wchar-subscripts -Wnon-virtual-dtor -Wunused-local-typedefs -Wpointer-arith -Wwrite-strings -Wformat-security -Wlogical-op -Wdouble-promotion -Wshadow -Wno-psabi -Wno-variadic-macros -Wno-long-long -fno-check-new -fno-common -fstrict-aliasing -DCOMPILER_SUPPORT_Qunusedarguments -Werror   -Qunused-arguments -o CMakeFiles/cmTC_14531.dir/src.cxx.o -c /home/samar/learning/qmcode/cpp/eigen_build/CMakeFiles/CMakeTmp/src.cxx
c++: error: unrecognized command line option '-Qunused-arguments'; did you mean '-Wunused-parameter'?
make[1]: *** [CMakeFiles/cmTC_14531.dir/src.cxx.o] Error 1
make[1]: Leaving directory `/home/samar/learning/qmcode/cpp/eigen_build/CMakeFiles/CMakeTmp'
make: *** [cmTC_14531/fast] Error 2

Source file was:
int main() { return 0; }
Determining if the Q_WS_WIN exist failed with the following output:
Change Dir: /home/samar/learning/qmcode/cpp/eigen_build/CMakeFiles/CMakeTmp

Run Build Command:"/usr/bin/make" "cmTC_901db/fast"
/usr/bin/make -f CMakeFiles/cmTC_901db.dir/build.make CMakeFiles/cmTC_901db.dir/build
make[1]: Entering directory `/home/samar/learning/qmcode/cpp/eigen_build/CMakeFiles/CMakeTmp'
Building CXX object CMakeFiles/cmTC_901db.dir/CheckSymbolExists.cxx.o
/usr/bin/c++    -I/usr/include/qt4  -pedantic -Wall -Wextra -Wundef -Wcast-align -Wchar-subscripts -Wnon-virtual-dtor -Wunused-local-typedefs -Wpointer-arith -Wwrite-strings -Wformat-security -Wlogical-op -Wdouble-promotion -Wshadow -Wno-psabi -Wno-variadic-macros -Wno-long-long -fno-check-new -fno-common -fstrict-aliasing -ansi -O1 -g1    -o CMakeFiles/cmTC_901db.dir/CheckSymbolExists.cxx.o -c /home/samar/learning/qmcode/cpp/eigen_build/CMakeFiles/CMakeTmp/CheckSymbolExists.cxx
/home/samar/learning/qmcode/cpp/eigen_build/CMakeFiles/CMakeTmp/CheckSymbolExists.cxx: In function ‘int main(int, char**)’:
/home/samar/learning/qmcode/cpp/eigen_build/CMakeFiles/CMakeTmp/CheckSymbolExists.cxx:8:19: error: ‘Q_WS_WIN’ was not declared in this scope
   return ((int*)(&Q_WS_WIN))[argc];
                   ^~~~~~~~
/home/samar/learning/qmcode/cpp/eigen_build/CMakeFiles/CMakeTmp/CheckSymbolExists.cxx:8:19: note: suggested alternative: ‘Q_WS_X11’
   return ((int*)(&Q_WS_WIN))[argc];
                   ^~~~~~~~
                   Q_WS_X11
make[1]: *** [CMakeFiles/cmTC_901db.dir/CheckSymbolExists.cxx.o] Error 1
make[1]: Leaving directory `/home/samar/learning/qmcode/cpp/eigen_build/CMakeFiles/CMakeTmp'
make: *** [cmTC_901db/fast] Error 2

File /home/samar/learning/qmcode/cpp/eigen_build/CMakeFiles/CMakeTmp/CheckSymbolExists.cxx:
/* */
#include <QtCore/qglobal.h>

int main(int argc, char** argv)
{
  (void)argv;
#ifndef Q_WS_WIN
  return ((int*)(&Q_WS_WIN))[argc];
#else
  (void)argc;
  return 0;
#endif
}

Determining if the Q_WS_QWS exist failed with the following output:
Change Dir: /home/samar/learning/qmcode/cpp/eigen_build/CMakeFiles/CMakeTmp

Run Build Command:"/usr/bin/make" "cmTC_dca95/fast"
/usr/bin/make -f CMakeFiles/cmTC_dca95.dir/build.make CMakeFiles/cmTC_dca95.dir/build
make[1]: Entering directory `/home/samar/learning/qmcode/cpp/eigen_build/CMakeFiles/CMakeTmp'
Building CXX object CMakeFiles/cmTC_dca95.dir/CheckSymbolExists.cxx.o
/usr/bin/c++    -I/usr/include/qt4  -pedantic -Wall -Wextra -Wundef -Wcast-align -Wchar-subscripts -Wnon-virtual-dtor -Wunused-local-typedefs -Wpointer-arith -Wwrite-strings -Wformat-security -Wlogical-op -Wdouble-promotion -Wshadow -Wno-psabi -Wno-variadic-macros -Wno-long-long -fno-check-new -fno-common -fstrict-aliasing -ansi -O1 -g1    -o CMakeFiles/cmTC_dca95.dir/CheckSymbolExists.cxx.o -c /home/samar/learning/qmcode/cpp/eigen_build/CMakeFiles/CMakeTmp/CheckSymbolExists.cxx
/home/samar/learning/qmcode/cpp/eigen_build/CMakeFiles/CMakeTmp/CheckSymbolExists.cxx: In function ‘int main(int, char**)’:
/home/samar/learning/qmcode/cpp/eigen_build/CMakeFiles/CMakeTmp/CheckSymbolExists.cxx:8:19: error: ‘Q_WS_QWS’ was not declared in this scope
   return ((int*)(&Q_WS_QWS))[argc];
                   ^~~~~~~~
/home/samar/learning/qmcode/cpp/eigen_build/CMakeFiles/CMakeTmp/CheckSymbolExists.cxx:8:19: note: suggested alternative: ‘Q_WS_X11’
   return ((int*)(&Q_WS_QWS))[argc];
                   ^~~~~~~~
                   Q_WS_X11
make[1]: *** [CMakeFiles/cmTC_dca95.dir/CheckSymbolExists.cxx.o] Error 1
make[1]: Leaving directory `/home/samar/learning/qmcode/cpp/eigen_build/CMakeFiles/CMakeTmp'
make: *** [cmTC_dca95/fast] Error 2

File /home/samar/learning/qmcode/cpp/eigen_build/CMakeFiles/CMakeTmp/CheckSymbolExists.cxx:
/* */
#include <QtCore/qglobal.h>

int main(int argc, char** argv)
{
  (void)argv;
#ifndef Q_WS_QWS
  return ((int*)(&Q_WS_QWS))[argc];
#else
  (void)argc;
  return 0;
#endif
}

Determining if the Q_WS_MAC exist failed with the following output:
Change Dir: /home/samar/learning/qmcode/cpp/eigen_build/CMakeFiles/CMakeTmp

Run Build Command:"/usr/bin/make" "cmTC_60d4e/fast"
/usr/bin/make -f CMakeFiles/cmTC_60d4e.dir/build.make CMakeFiles/cmTC_60d4e.dir/build
make[1]: Entering directory `/home/samar/learning/qmcode/cpp/eigen_build/CMakeFiles/CMakeTmp'
Building CXX object CMakeFiles/cmTC_60d4e.dir/CheckSymbolExists.cxx.o
/usr/bin/c++    -I/usr/include/qt4  -pedantic -Wall -Wextra -Wundef -Wcast-align -Wchar-subscripts -Wnon-virtual-dtor -Wunused-local-typedefs -Wpointer-arith -Wwrite-strings -Wformat-security -Wlogical-op -Wdouble-promotion -Wshadow -Wno-psabi -Wno-variadic-macros -Wno-long-long -fno-check-new -fno-common -fstrict-aliasing -ansi -O1 -g1    -o CMakeFiles/cmTC_60d4e.dir/CheckSymbolExists.cxx.o -c /home/samar/learning/qmcode/cpp/eigen_build/CMakeFiles/CMakeTmp/CheckSymbolExists.cxx
/home/samar/learning/qmcode/cpp/eigen_build/CMakeFiles/CMakeTmp/CheckSymbolExists.cxx: In function ‘int main(int, char**)’:
/home/samar/learning/qmcode/cpp/eigen_build/CMakeFiles/CMakeTmp/CheckSymbolExists.cxx:8:19: error: ‘Q_WS_MAC’ was not declared in this scope
   return ((int*)(&Q_WS_MAC))[argc];
                   ^~~~~~~~
/home/samar/learning/qmcode/cpp/eigen_build/CMakeFiles/CMakeTmp/CheckSymbolExists.cxx:8:19: note: suggested alternative: ‘Q_WS_X11’
   return ((int*)(&Q_WS_MAC))[argc];
                   ^~~~~~~~
                   Q_WS_X11
make[1]: *** [CMakeFiles/cmTC_60d4e.dir/CheckSymbolExists.cxx.o] Error 1
make[1]: Leaving directory `/home/samar/learning/qmcode/cpp/eigen_build/CMakeFiles/CMakeTmp'
make: *** [cmTC_60d4e/fast] Error 2

File /home/samar/learning/qmcode/cpp/eigen_build/CMakeFiles/CMakeTmp/CheckSymbolExists.cxx:
/* */
#include <QtCore/qglobal.h>

int main(int argc, char** argv)
{
  (void)argv;
#ifndef Q_WS_MAC
  return ((int*)(&Q_WS_MAC))[argc];
#else
  (void)argc;
  return 0;
#endif
}

Determining if the pthread_create exist failed with the following output:
Change Dir: /home/samar/learning/qmcode/cpp/eigen_build/CMakeFiles/CMakeTmp

Run Build Command:"/usr/bin/make" "cmTC_77937/fast"
/usr/bin/make -f CMakeFiles/cmTC_77937.dir/build.make CMakeFiles/cmTC_77937.dir/build
make[1]: Entering directory `/home/samar/learning/qmcode/cpp/eigen_build/CMakeFiles/CMakeTmp'
Building C object CMakeFiles/cmTC_77937.dir/CheckSymbolExists.c.o
/usr/bin/cc     -o CMakeFiles/cmTC_77937.dir/CheckSymbolExists.c.o   -c /home/samar/learning/qmcode/cpp/eigen_build/CMakeFiles/CMakeTmp/CheckSymbolExists.c
Linking C executable cmTC_77937
/usr/bin/cmake -E cmake_link_script CMakeFiles/cmTC_77937.dir/link.txt --verbose=1
/usr/bin/cc       CMakeFiles/cmTC_77937.dir/CheckSymbolExists.c.o  -o cmTC_77937 -rdynamic 
CMakeFiles/cmTC_77937.dir/CheckSymbolExists.c.o: In function `main':
CheckSymbolExists.c:(.text+0x16): undefined reference to `pthread_create'
collect2: error: ld returned 1 exit status
make[1]: *** [cmTC_77937] Error 1
make[1]: Leaving directory `/home/samar/learning/qmcode/cpp/eigen_build/CMakeFiles/CMakeTmp'
make: *** [cmTC_77937/fast] Error 2

File /home/samar/learning/qmcode/cpp/eigen_build/CMakeFiles/CMakeTmp/CheckSymbolExists.c:
/* */
#include <pthread.h>

int main(int argc, char** argv)
{
  (void)argv;
#ifndef pthread_create
  return ((int*)(&pthread_create))[argc];
#else
  (void)argc;
  return 0;
#endif
}

Determining if the function pthread_create exists in the pthreads failed with the following output:
Change Dir: /home/samar/learning/qmcode/cpp/eigen_build/CMakeFiles/CMakeTmp

Run Build Command:"/usr/bin/make" "cmTC_3abde/fast"
/usr/bin/make -f CMakeFiles/cmTC_3abde.dir/build.make CMakeFiles/cmTC_3abde.dir/build
make[1]: Entering directory `/home/samar/learning/qmcode/cpp/eigen_build/CMakeFiles/CMakeTmp'
Building C object CMakeFiles/cmTC_3abde.dir/CheckFunctionExists.c.o
/usr/bin/cc    -DCHECK_FUNCTION_EXISTS=pthread_create   -o CMakeFiles/cmTC_3abde.dir/CheckFunctionExists.c.o   -c /usr/share/cmake-3.5/Modules/CheckFunctionExists.c
Linking C executable cmTC_3abde
/usr/bin/cmake -E cmake_link_script CMakeFiles/cmTC_3abde.dir/link.txt --verbose=1
/usr/bin/cc   -DCHECK_FUNCTION_EXISTS=pthread_create    CMakeFiles/cmTC_3abde.dir/CheckFunctionExists.c.o  -o cmTC_3abde -rdynamic -lpthreads 
/usr/bin/ld: cannot find -lpthreads
collect2: error: ld returned 1 exit status
make[1]: *** [cmTC_3abde] Error 1
make[1]: Leaving directory `/home/samar/learning/qmcode/cpp/eigen_build/CMakeFiles/CMakeTmp'
make: *** [cmTC_3abde/fast] Error 2


